<?xml version="1.0" encoding="UTF-8"?>
<testsuite name="CarSetTest" tests="4" skipped="0" failures="0" errors="0" timestamp="2025-09-25T18:59:43.039Z" hostname="DESKTOP-NNIG1O0" time="0.022">
  <properties/>
  <testcase name="sizeArrayMustBe100()" classname="CarSetTest" time="0.013"/>
  <testcase name="whenAddedMultipleElementAddedOnlyOne()" classname="CarSetTest" time="0.003"/>
  <testcase name="whenClearCountOfElementsMustBe0()" classname="CarSetTest" time="0.001"/>
  <testcase name="whenRemovedElementSizeMustBeChanged()" classname="CarSetTest" time="0.001"/>
  <system-out><![CDATA[]]></system-out>
  <system-err><![CDATA[]]></system-err>
</testsuite>
