<?xml version="1.0" encoding="UTF-8"?>
<testsuite name="CarQueueTest" tests="3" skipped="0" failures="0" errors="0" timestamp="2025-09-29T21:18:37.969Z" hostname="DESKTOP-NNIG1O0" time="0.017">
  <properties/>
  <testcase name="add()" classname="CarQueueTest" time="0.013"/>
  <testcase name="peek()" classname="CarQueueTest" time="0.001"/>
  <testcase name="poll()" classname="CarQueueTest" time="0.001"/>
  <system-out><![CDATA[]]></system-out>
  <system-err><![CDATA[]]></system-err>
</testsuite>
